<?xml version="1.0" encoding="UTF-8"?>
<!-- Generated by org.testng.reporters.JUnitXMLReporter -->
<testsuite hostname="Raam" ignored="1" name="ModuleOneTest(failed)" tests="1" failures="1" timestamp="2023-02-27T19:03:46 IST" time="9.513" errors="0">
  <testcase name="seleniumsearchtest" time="9.447" classname="testScripts.SampleNewTest">
    <failure type="java.lang.AssertionError" message="expected [Selenium Tutorial - Google Search Page] but found [Selenium Tutorial - Google Search]">
      <![CDATA[java.lang.AssertionError: expected [Selenium Tutorial - Google Search Page] but found [Selenium Tutorial - Google Search]
at testScripts.SampleNewTest.seleniumsearchtest(SampleNewTest.java:37)
at java.util.ArrayList.forEach(ArrayList.java:1259)
... Removed 33 stack frames]]>
    </failure>
  </testcase> <!-- seleniumsearchtest -->
  <testcase name="javasearchtest" time="0.0" classname="testScripts.SampleNewTest">
    <ignored/>
  </testcase> <!-- javasearchtest -->
</testsuite> <!-- ModuleOneTest(failed) -->
